빌드 시작: 2016-02-12 오후 2:34:33
     1>2 노드의 "D:\과제\과제1\구현\컴퓨트셰이더\FourthComputeShader\ComputeShader\ComputeShader\ComputeShader.vcxproj" 프로젝트(build 대상)입니다.
     1>InitializeBuildStatus:
         "Debug\ComputeShader.unsuccessfulbuild"에 연결(touching)하고 있습니다.
       ClCompile:
         모든 출력이 최신 상태입니다.
         모든 출력이 최신 상태입니다.
       ManifestResourceCompile:
         모든 출력이 최신 상태입니다.
       Link:
         C:\Program Files (x86)\Microsoft Visual Studio 10.0\VC\bin\link.exe /ERRORREPORT:PROMPT /OUT:"D:\과제\과제1\구현\컴퓨트셰이더\FourthComputeShader\ComputeShader\Debug\ComputeShader.exe" /INCREMENTAL /NOLOGO /LIBPATH:"D:\자료\프로그램\연구용 프로그램\x64\lib" freeglut.lib glew32.lib kernel32.lib user32.lib gdi32.lib winspool.lib comdlg32.lib advapi32.lib shell32.lib ole32.lib oleaut32.lib uuid.lib odbc32.lib odbccp32.lib /MANIFEST /ManifestFile:"Debug\ComputeShader.exe.intermediate.manifest" /MANIFESTUAC:"level='asInvoker' uiAccess='false'" /DEBUG /PDB:"D:\과제\과제1\구현\컴퓨트셰이더\FourthComputeShader\ComputeShader\Debug\ComputeShader.pdb" /SUBSYSTEM:CONSOLE /TLBID:1 /DYNAMICBASE /NXCOMPAT /IMPLIB:"D:\과제\과제1\구현\컴퓨트셰이더\FourthComputeShader\ComputeShader\Debug\ComputeShader.lib" /MACHINE:X86 Debug\ComputeShader.exe.embed.manifest.res
         Debug\ComputeShader.obj
         Debug\stdafx.obj
     1>ComputeShader.obj : error LNK2019: __imp__glutMainLoopEvent@0 외부 기호(참조 위치: _wmain 함수)에서 확인하지 못했습니다.
     1>ComputeShader.obj : error LNK2019: __imp__glutDisplayFunc@4 외부 기호(참조 위치: _wmain 함수)에서 확인하지 못했습니다.
     1>ComputeShader.obj : error LNK2019: __imp__glutInitWindowPosition@8 외부 기호(참조 위치: _wmain 함수)에서 확인하지 못했습니다.
     1>ComputeShader.obj : error LNK2019: __imp__glutInitWindowSize@8 외부 기호(참조 위치: _wmain 함수)에서 확인하지 못했습니다.
     1>ComputeShader.obj : error LNK2019: __imp__glutInitDisplayMode@4 외부 기호(참조 위치: _wmain 함수)에서 확인하지 못했습니다.
     1>ComputeShader.obj : error LNK2019: __imp____glutInitWithExit@12 외부 기호(참조 위치: _glutInit_ATEXIT_HACK@8 함수)에서 확인하지 못했습니다.
     1>ComputeShader.obj : error LNK2019: __imp____glutCreateWindowWithExit@8 외부 기호(참조 위치: _glutCreateWindow_ATEXIT_HACK@4 함수)에서 확인하지 못했습니다.
     1>ComputeShader.obj : error LNK2001: __imp____glewDispatchCompute 외부 기호를 확인할 수 없습니다.
     1>ComputeShader.obj : error LNK2001: __imp____glewUniform1f 외부 기호를 확인할 수 없습니다.
     1>ComputeShader.obj : error LNK2001: __imp____glewGetUniformLocation 외부 기호를 확인할 수 없습니다.
     1>ComputeShader.obj : error LNK2001: __imp____glewUseProgram 외부 기호를 확인할 수 없습니다.
     1>ComputeShader.obj : error LNK2019: __imp__glutPostRedisplay@0 외부 기호(참조 위치: "void __cdecl Display(void)" (?Display@@YAXXZ) 함수)에서 확인하지 못했습니다.
     1>ComputeShader.obj : error LNK2019: __imp__glutSwapBuffers@0 외부 기호(참조 위치: "void __cdecl Display(void)" (?Display@@YAXXZ) 함수)에서 확인하지 못했습니다.
     1>ComputeShader.obj : error LNK2001: __imp____glewUniform1d 외부 기호를 확인할 수 없습니다.
     1>ComputeShader.obj : error LNK2001: __imp____glewUniform2d 외부 기호를 확인할 수 없습니다.
     1>ComputeShader.obj : error LNK2001: __imp____glewUniform3d 외부 기호를 확인할 수 없습니다.
     1>ComputeShader.obj : error LNK2001: __imp____glewUniform3dv 외부 기호를 확인할 수 없습니다.
     1>ComputeShader.obj : error LNK2001: __imp____glewGetProgramInfoLog 외부 기호를 확인할 수 없습니다.
     1>ComputeShader.obj : error LNK2001: __imp____glewGetProgramiv 외부 기호를 확인할 수 없습니다.
     1>ComputeShader.obj : error LNK2001: __imp____glewLinkProgram 외부 기호를 확인할 수 없습니다.
     1>ComputeShader.obj : error LNK2001: __imp____glewAttachShader 외부 기호를 확인할 수 없습니다.
     1>ComputeShader.obj : error LNK2001: __imp____glewGetShaderInfoLog 외부 기호를 확인할 수 없습니다.
     1>ComputeShader.obj : error LNK2001: __imp____glewGetShaderiv 외부 기호를 확인할 수 없습니다.
     1>ComputeShader.obj : error LNK2001: __imp____glewCompileShader 외부 기호를 확인할 수 없습니다.
     1>ComputeShader.obj : error LNK2001: __imp____glewShaderSource 외부 기호를 확인할 수 없습니다.
     1>ComputeShader.obj : error LNK2001: __imp____glewCreateShader 외부 기호를 확인할 수 없습니다.
     1>ComputeShader.obj : error LNK2001: __imp____glewCreateProgram 외부 기호를 확인할 수 없습니다.
     1>ComputeShader.obj : error LNK2001: __imp____glewEnableVertexAttribArray 외부 기호를 확인할 수 없습니다.
     1>ComputeShader.obj : error LNK2001: __imp____glewVertexAttribPointer 외부 기호를 확인할 수 없습니다.
     1>ComputeShader.obj : error LNK2001: __imp____glewGetAttribLocation 외부 기호를 확인할 수 없습니다.
     1>ComputeShader.obj : error LNK2001: __imp____glewBufferData 외부 기호를 확인할 수 없습니다.
     1>ComputeShader.obj : error LNK2001: __imp____glewBindBuffer 외부 기호를 확인할 수 없습니다.
     1>ComputeShader.obj : error LNK2001: __imp____glewGenBuffers 외부 기호를 확인할 수 없습니다.
     1>ComputeShader.obj : error LNK2001: __imp____glewBindImageTexture 외부 기호를 확인할 수 없습니다.
     1>ComputeShader.obj : error LNK2001: __imp____glewActiveTexture 외부 기호를 확인할 수 없습니다.
     1>ComputeShader.obj : error LNK2001: __imp____glewGetStringi 외부 기호를 확인할 수 없습니다.
     1>ComputeShader.obj : error LNK2019: __imp__glewInit@0 외부 기호(참조 위치: "void __cdecl InitGL(void)" (?InitGL@@YAXXZ) 함수)에서 확인하지 못했습니다.
     1>D:\과제\과제1\구현\컴퓨트셰이더\FourthComputeShader\ComputeShader\Debug\ComputeShader.exe : fatal error LNK1120: 37개의 확인할 수 없는 외부 참조입니다.
     1>"D:\과제\과제1\구현\컴퓨트셰이더\FourthComputeShader\ComputeShader\ComputeShader\ComputeShader.vcxproj" 프로젝트를 빌드했습니다(build 대상). - 실패

빌드하지 못했습니다.

경과 시간: 00:00:00.12
