D:\과제\과제1\구현\컴퓨트셰이더\FourthComputeShader\ComputeShader\ComputeShader\Debug\cl.command.1.tlog
D:\과제\과제1\구현\컴퓨트셰이더\FourthComputeShader\ComputeShader\ComputeShader\Debug\CL.read.1.tlog
D:\과제\과제1\구현\컴퓨트셰이더\FourthComputeShader\ComputeShader\ComputeShader\Debug\CL.write.1.tlog
D:\과제\과제1\구현\컴퓨트셰이더\FourthComputeShader\ComputeShader\ComputeShader\Debug\ComputeShader.exe.embed.manifest
D:\과제\과제1\구현\컴퓨트셰이더\FOURTHCOMPUTESHADER\COMPUTESHADER\COMPUTESHADER\DEBUG\COMPUTESHADER.EXE.EMBED.MANIFEST.RES
D:\과제\과제1\구현\컴퓨트셰이더\FourthComputeShader\ComputeShader\ComputeShader\Debug\ComputeShader.exe.intermediate.manifest
D:\과제\과제1\구현\컴퓨트셰이더\FOURTHCOMPUTESHADER\COMPUTESHADER\COMPUTESHADER\DEBUG\COMPUTESHADER.OBJ
D:\과제\과제1\구현\컴퓨트셰이더\FOURTHCOMPUTESHADER\COMPUTESHADER\COMPUTESHADER\DEBUG\COMPUTESHADER.PCH
D:\과제\과제1\구현\컴퓨트셰이더\FourthComputeShader\ComputeShader\ComputeShader\Debug\ComputeShader.write.1.tlog
D:\과제\과제1\구현\컴퓨트셰이더\FourthComputeShader\ComputeShader\ComputeShader\Debug\ComputeShader_manifest.rc
D:\과제\과제1\구현\컴퓨트셰이더\FourthComputeShader\ComputeShader\ComputeShader\Debug\link.command.1.tlog
D:\과제\과제1\구현\컴퓨트셰이더\FourthComputeShader\ComputeShader\ComputeShader\Debug\link.read.1.tlog
D:\과제\과제1\구현\컴퓨트셰이더\FourthComputeShader\ComputeShader\ComputeShader\Debug\link.write.1.tlog
D:\과제\과제1\구현\컴퓨트셰이더\FourthComputeShader\ComputeShader\ComputeShader\Debug\link-cvtres.read.1.tlog
D:\과제\과제1\구현\컴퓨트셰이더\FourthComputeShader\ComputeShader\ComputeShader\Debug\link-cvtres.write.1.tlog
D:\과제\과제1\구현\컴퓨트셰이더\FourthComputeShader\ComputeShader\ComputeShader\Debug\rc.command.1.tlog
D:\과제\과제1\구현\컴퓨트셰이더\FourthComputeShader\ComputeShader\ComputeShader\Debug\rc.read.1.tlog
D:\과제\과제1\구현\컴퓨트셰이더\FourthComputeShader\ComputeShader\ComputeShader\Debug\rc.write.1.tlog
D:\과제\과제1\구현\컴퓨트셰이더\FOURTHCOMPUTESHADER\COMPUTESHADER\COMPUTESHADER\DEBUG\STDAFX.OBJ
D:\과제\과제1\구현\컴퓨트셰이더\FourthComputeShader\ComputeShader\ComputeShader\Debug\vc100.idb
D:\과제\과제1\구현\컴퓨트셰이더\FOURTHCOMPUTESHADER\COMPUTESHADER\COMPUTESHADER\DEBUG\VC100.PDB
D:\과제\과제1\구현\컴퓨트셰이더\FourthComputeShader\ComputeShader\Debug\ComputeShader.pdb
